[debug] [2022-04-19T13:42:17.769Z] ----------------------------------------------------------------------
[debug] [2022-04-19T13:42:17.770Z] Command:       C:\Program Files\nodejs\node.exe C:\Users\karti\AppData\Roaming\npm\node_modules\firebase-tools\lib\bin\firebase.js emulators:start
[debug] [2022-04-19T13:42:17.771Z] CLI Version:   10.6.0
[debug] [2022-04-19T13:42:17.771Z] Platform:      win32
[debug] [2022-04-19T13:42:17.771Z] Node Version:  v16.14.2
[debug] [2022-04-19T13:42:17.772Z] Time:          Tue Apr 19 2022 19:12:17 GMT+0530 (India Standard Time)
[debug] [2022-04-19T13:42:17.772Z] ----------------------------------------------------------------------
[debug] 
[debug] [2022-04-19T13:42:17.839Z] > command requires scopes: ["email","openid","https://www.googleapis.com/auth/cloudplatformprojects.readonly","https://www.googleapis.com/auth/firebase","https://www.googleapis.com/auth/cloud-platform"]
[debug] [2022-04-19T13:42:17.839Z] > authorizing via signed-in user (kartikeysharma1616@gmail.com)
[debug] [2022-04-19T13:42:17.996Z] java version "17.0.2" 2022-01-18 LTS
Java(TM) SE Runtime Environment (build 17.0.2+8-LTS-86)

[debug] [2022-04-19T13:42:17.996Z] Java HotSpot(TM) 64-Bit Server VM (build 17.0.2+8-LTS-86, mixed mode, sharing)

[debug] [2022-04-19T13:42:18.006Z] Parsed Java major version: 17
[info] i  emulators: Starting emulators: auth, functions, firestore, hosting {"metadata":{"emulator":{"name":"hub"},"message":"Starting emulators: auth, functions, firestore, hosting"}}
[warn] !  emulators: It seems that you are running multiple instances of the emulator suite for project my--clone-authentication. This may result in unexpected behavior. 
[debug] [2022-04-19T13:42:18.034Z] [hub] writing locator at C:\Users\karti\AppData\Local\Temp\hub-my--clone-authentication.json
[warn] !  functions: The following emulators are not running, calls to these services from the Functions emulator will affect production: database, pubsub, storage {"metadata":{"emulator":{"name":"functions"},"message":"The following emulators are not running, calls to these services from the Functions emulator will affect production: \u001b[1mdatabase, pubsub, storage\u001b[22m"}}
[info] +  functions: Using node@16 from host. {"metadata":{"emulator":{"name":"functions"},"message":"Using node@16 from host."}}
[debug] [2022-04-19T13:42:18.122Z] defaultcredentials: writing to file C:\Users\karti\AppData\Roaming\firebase\kartikeysharma1616_gmail_com_application_default_credentials.json
[debug] [2022-04-19T13:42:18.125Z] Setting GAC to C:\Users\karti\AppData\Roaming\firebase\kartikeysharma1616_gmail_com_application_default_credentials.json {"metadata":{"emulator":{"name":"functions"},"message":"Setting GAC to C:\\Users\\karti\\AppData\\Roaming\\firebase\\kartikeysharma1616_gmail_com_application_default_credentials.json"}}
[debug] [2022-04-19T13:42:18.128Z] > refreshing access token with scopes: []
[debug] [2022-04-19T13:42:18.129Z] >>> HTTP REQUEST POST https://www.googleapis.com/oauth2/v3/token  
 <request body omitted>
[debug] [2022-04-19T13:42:18.684Z] <<< HTTP RESPONSE 200 {"cache-control":"no-cache, no-store, max-age=0, must-revalidate","date":"Tue, 19 Apr 2022 13:42:18 GMT","expires":"Mon, 01 Jan 1990 00:00:00 GMT","pragma":"no-cache","content-type":"application/json; charset=utf-8","vary":"X-Origin, Referer, Origin,Accept-Encoding","server":"scaffolding on HTTPServer2","x-xss-protection":"0","x-frame-options":"SAMEORIGIN","x-content-type-options":"nosniff","alt-svc":"h3=\":443\"; ma=2592000,h3-29=\":443\"; ma=2592000,h3-Q050=\":443\"; ma=2592000,h3-Q046=\":443\"; ma=2592000,h3-Q043=\":443\"; ma=2592000,quic=\":443\"; ma=2592000; v=\"46,43\"","accept-ranges":"none","transfer-encoding":"chunked"}
[debug] [2022-04-19T13:42:18.705Z] >>> [apiv2][query] GET https://firebase.googleapis.com/v1beta1/projects/my--clone-authentication/adminSdkConfig [none]
[debug] [2022-04-19T13:42:19.511Z] <<< [apiv2][status] GET https://firebase.googleapis.com/v1beta1/projects/my--clone-authentication/adminSdkConfig 200
[debug] [2022-04-19T13:42:19.511Z] <<< [apiv2][body] GET https://firebase.googleapis.com/v1beta1/projects/my--clone-authentication/adminSdkConfig {"projectId":"my--clone-authentication","storageBucket":"my--clone-authentication.appspot.com","locationId":"asia-south1"}
[warn] !  firestore: Did not find a Cloud Firestore rules file specified in a firebase.json config file. {"metadata":{"emulator":{"name":"firestore"},"message":"Did not find a Cloud Firestore rules file specified in a firebase.json config file."}}
[warn] !  firestore: The emulator will default to allowing all reads and writes. Learn more about this option: https://firebase.google.com/docs/emulator-suite/install_and_configure#security_rules_configuration. {"metadata":{"emulator":{"name":"firestore"},"message":"The emulator will default to allowing all reads and writes. Learn more about this option: https://firebase.google.com/docs/emulator-suite/install_and_configure#security_rules_configuration."}}
[debug] [2022-04-19T13:42:19.529Z] Ignoring unsupported arg: projectId {"metadata":{"emulator":{"name":"firestore"},"message":"Ignoring unsupported arg: projectId"}}
[debug] [2022-04-19T13:42:19.530Z] Ignoring unsupported arg: auto_download {"metadata":{"emulator":{"name":"firestore"},"message":"Ignoring unsupported arg: auto_download"}}
[debug] [2022-04-19T13:42:19.530Z] Starting Firestore Emulator with command {"binary":"java","args":["-Dgoogle.cloud_firestore.debug_log_level=FINE","-Duser.language=en","-jar","C:\\Users\\karti\\.cache\\firebase\\emulators\\cloud-firestore-emulator-v1.14.1.jar","--host","localhost","--port",8080,"--functions_emulator","localhost:5001"],"optionalArgs":["port","webchannel_port","host","rules","functions_emulator","seed_from_export"],"joinArgs":false} {"metadata":{"emulator":{"name":"firestore"},"message":"Starting Firestore Emulator with command {\"binary\":\"java\",\"args\":[\"-Dgoogle.cloud_firestore.debug_log_level=FINE\",\"-Duser.language=en\",\"-jar\",\"C:\\\\Users\\\\karti\\\\.cache\\\\firebase\\\\emulators\\\\cloud-firestore-emulator-v1.14.1.jar\",\"--host\",\"localhost\",\"--port\",8080,\"--functions_emulator\",\"localhost:5001\"],\"optionalArgs\":[\"port\",\"webchannel_port\",\"host\",\"rules\",\"functions_emulator\",\"seed_from_export\"],\"joinArgs\":false}"}}
[info] i  firestore: Firestore Emulator logging to firestore-debug.log {"metadata":{"emulator":{"name":"firestore"},"message":"Firestore Emulator logging to \u001b[1mfirestore-debug.log\u001b[22m"}}
[debug] [2022-04-19T13:42:27.744Z] >>> [apiv2][query] GET https://firebasehosting.googleapis.com/v1beta1/projects/my--clone-authentication/sites 
[debug] [2022-04-19T13:42:29.998Z] <<< [apiv2][status] GET https://firebasehosting.googleapis.com/v1beta1/projects/my--clone-authentication/sites 200
[debug] [2022-04-19T13:42:29.998Z] <<< [apiv2][body] GET https://firebasehosting.googleapis.com/v1beta1/projects/my--clone-authentication/sites {"sites":[{"name":"projects/676216192657/sites/my--clone-authentication","defaultUrl":"https://my--clone-authentication.web.app","type":"DEFAULT_SITE"}]}
[debug] [2022-04-19T13:42:29.999Z] >>> [apiv2][query] GET https://firebase.googleapis.com/v1beta1/projects/my--clone-authentication/webApps/-/config [none]
[debug] [2022-04-19T13:42:31.410Z] <<< [apiv2][status] GET https://firebase.googleapis.com/v1beta1/projects/my--clone-authentication/webApps/-/config 200
[debug] [2022-04-19T13:42:31.410Z] <<< [apiv2][body] GET https://firebase.googleapis.com/v1beta1/projects/my--clone-authentication/webApps/-/config {"projectId":"my--clone-authentication","appId":"1:676216192657:web:8f46115ebc2e7637f68930","storageBucket":"my--clone-authentication.appspot.com","locationId":"asia-south1","apiKey":"AIzaSyAfsCPS1WRak-OXxVYBwTqG7pfKAHi_C5o","authDomain":"my--clone-authentication.firebaseapp.com","messagingSenderId":"676216192657","measurementId":"G-TVTB7FQWRN"}
[info] i  hosting: Serving hosting files from: build {"metadata":{"emulator":{"name":"hosting"},"message":"Serving hosting files from: \u001b[1mbuild\u001b[22m"}}
[info] +  hosting: Local server: http://localhost:5000 {"metadata":{"emulator":{"name":"hosting"},"message":"Local server: \u001b[4m\u001b[1mhttp://localhost:5000\u001b[22m\u001b[24m"}}
[warn] !  ui: Emulator UI unable to start on port 4000, starting on 4003 instead. {"metadata":{"emulator":{"name":"ui"},"message":"Emulator UI unable to start on port 4000, starting on 4003 instead."}}
[debug] [2022-04-19T13:42:31.463Z] Ignoring unsupported arg: auto_download {"metadata":{"emulator":{"name":"ui"},"message":"Ignoring unsupported arg: auto_download"}}
[debug] [2022-04-19T13:42:31.463Z] Ignoring unsupported arg: port {"metadata":{"emulator":{"name":"ui"},"message":"Ignoring unsupported arg: port"}}
[debug] [2022-04-19T13:42:31.463Z] Starting Emulator UI with command {"binary":"node","args":["C:\\Users\\karti\\.cache\\firebase\\emulators\\ui-v1.6.5\\server.bundle.js"],"optionalArgs":[],"joinArgs":false} {"metadata":{"emulator":{"name":"ui"},"message":"Starting Emulator UI with command {\"binary\":\"node\",\"args\":[\"C:\\\\Users\\\\karti\\\\.cache\\\\firebase\\\\emulators\\\\ui-v1.6.5\\\\server.bundle.js\"],\"optionalArgs\":[],\"joinArgs\":false}"}}
[info] i  ui: Emulator UI logging to ui-debug.log {"metadata":{"emulator":{"name":"ui"},"message":"Emulator UI logging to \u001b[1mui-debug.log\u001b[22m"}}
[debug] [2022-04-19T13:42:31.604Z] Web / API server started at localhost:4003
 {"metadata":{"emulator":{"name":"ui"},"message":"Web / API server started at localhost:4003\n"}}
[info] i  functions: Watching "C:\Users\karti\github\overreactedamazon\functions" for Cloud Functions... {"metadata":{"emulator":{"name":"functions"},"message":"Watching \"C:\\Users\\karti\\github\\overreactedamazon\\functions\" for Cloud Functions..."}}
[debug] [2022-04-19T13:42:31.737Z] Validating nodejs source
[warn] !  functions: package.json indicates an outdated version of firebase-functions. Please upgrade using npm install --save firebase-functions@latest in your functions directory. 
[debug] [2022-04-19T13:42:35.492Z] > [functions] package.json contents: {
  "name": "functions",
  "description": "Cloud Functions for Firebase",
  "scripts": {
    "lint": "eslint .",
    "serve": "firebase emulators:start --only functions",
    "shell": "firebase functions:shell",
    "start": "npm run shell",
    "deploy": "firebase deploy --only functions",
    "logs": "firebase functions:log"
  },
  "engines": {
    "node": "16"
  },
  "main": "index.js",
  "dependencies": {
    "@stripe/react-stripe-js": "^1.7.1",
    "@stripe/stripe-js": "^1.27.0",
    "body-parser": "^1.20.0",
    "cors": "^2.8.5",
    "dotenv": "^16.0.0",
    "express": "^4.17.3",
    "firebase": "^9.6.10",
    "firebase-admin": "^10.0.2",
    "firebase-functions": "^3.20.0",
    "stripe": "^8.215.0"
  },
  "devDependencies": {
    "eslint": "^8.9.0",
    "eslint-config-google": "^0.14.0",
    "firebase-functions-test": "^0.2.0"
  },
  "private": true
}
[debug] [2022-04-19T13:42:35.492Z] Building nodejs source
[debug] [2022-04-19T13:42:35.492Z] Analyzing nodejs backend spec
[info] +  functions[us-central1-api]: http function initialized (http://localhost:5001/my--clone-authentication/us-central1/api). {"metadata":{"emulator":{"name":"functions"},"message":"\u001b[1mhttp\u001b[22m function initialized (http://localhost:5001/my--clone-authentication/us-central1/api)."}}
[info] 
┌─────────────────────────────────────────────────────────────┐
│ ✔  All emulators ready! It is now safe to connect your app. │
│ i  View Emulator UI at http://localhost:4003                │
└─────────────────────────────────────────────────────────────┘

┌────────────────┬────────────────┬─────────────────────────────────┐
│ Emulator       │ Host:Port      │ View in Emulator UI             │
├────────────────┼────────────────┼─────────────────────────────────┤
│ Authentication │ localhost:9099 │ http://localhost:4003/auth      │
├────────────────┼────────────────┼─────────────────────────────────┤
│ Functions      │ localhost:5001 │ http://localhost:4003/functions │
├────────────────┼────────────────┼─────────────────────────────────┤
│ Firestore      │ localhost:8080 │ http://localhost:4003/firestore │
├────────────────┼────────────────┼─────────────────────────────────┤
│ Hosting        │ localhost:5000 │ n/a                             │
└────────────────┴────────────────┴─────────────────────────────────┘
  Emulator Hub running at localhost:4400
  Other reserved ports: 4500

Issues? Report them at https://github.com/firebase/firebase-tools/issues and attach the *-debug.log files.
 
[info] i  hosting: 127.0.0.1 - - [19/Apr/2022:13:43:33 +0000] "GET / HTTP/1.1" 200 563 "-" "Mozilla/5.0 (Windows NT 10.0; Win64; x64) AppleWebKit/537.36 (KHTML, like Gecko) Chrome/100.0.4896.127 Safari/537.36 Edg/100.0.1185.44" {"metadata":{"emulator":{"name":"hosting"},"message":"127.0.0.1 - - [19/Apr/2022:13:43:33 +0000] \"GET / HTTP/1.1\" 200 563 \"-\" \"Mozilla/5.0 (Windows NT 10.0; Win64; x64) AppleWebKit/537.36 (KHTML, like Gecko) Chrome/100.0.4896.127 Safari/537.36 Edg/100.0.1185.44\""}}
[info] i  hosting: 127.0.0.1 - - [19/Apr/2022:13:43:34 +0000] "GET /static/js/main.e5e1b90e.js HTTP/1.1" 200 697343 "http://localhost:5000/" "Mozilla/5.0 (Windows NT 10.0; Win64; x64) AppleWebKit/537.36 (KHTML, like Gecko) Chrome/100.0.4896.127 Safari/537.36 Edg/100.0.1185.44" {"metadata":{"emulator":{"name":"hosting"},"message":"127.0.0.1 - - [19/Apr/2022:13:43:34 +0000] \"GET /static/js/main.e5e1b90e.js HTTP/1.1\" 200 697343 \"http://localhost:5000/\" \"Mozilla/5.0 (Windows NT 10.0; Win64; x64) AppleWebKit/537.36 (KHTML, like Gecko) Chrome/100.0.4896.127 Safari/537.36 Edg/100.0.1185.44\""}}
[debug] [2022-04-19T13:43:42.071Z] [work-queue] {"queueLength":1,"workRunningCount":0}
[debug] [2022-04-19T13:43:42.071Z] [work-queue] {"queueLength":0,"workRunningCount":1}
[debug] [2022-04-19T13:43:42.071Z] Accepted request POST /my--clone-authentication/us-central1/api/payments/create?total=1196 --> us-central1-api
[info] i  functions: Loaded environment variables from .env. 
[debug] [2022-04-19T13:43:42.086Z] [worker-pool] addWorker(us-central1-api) {"metadata":{"emulator":{"name":"functions"},"message":"[worker-pool] addWorker(us-central1-api)"}}
[debug] [2022-04-19T13:43:42.086Z] [worker-pool] Adding worker with key us-central1-api, total=1 {"metadata":{"emulator":{"name":"functions"},"message":"[worker-pool] Adding worker with key us-central1-api, total=1"}}
[debug] [2022-04-19T13:43:42.086Z] [worker-pool] submitWork(triggerId=us-central1-api) {"metadata":{"emulator":{"name":"functions"},"message":"[worker-pool] submitWork(triggerId=us-central1-api)"}}
[debug] [2022-04-19T13:43:42.087Z] [worker-us-central1-api-e309fcca-c9ca-4eee-9fe7-d428958406f6]: Assigning socketPath: \\?\pipe\C:\Users\karti\github\overreactedamazon\functions\7276 {"metadata":{"emulator":{"name":"functions"},"message":"[worker-us-central1-api-e309fcca-c9ca-4eee-9fe7-d428958406f6]: Assigning socketPath: \\\\?\\pipe\\C:\\Users\\karti\\github\\overreactedamazon\\functions\\7276"}}
[debug] [2022-04-19T13:43:42.087Z] [worker-us-central1-api-e309fcca-c9ca-4eee-9fe7-d428958406f6]: BUSY {"metadata":{"emulator":{"name":"functions"},"message":"[worker-us-central1-api-e309fcca-c9ca-4eee-9fe7-d428958406f6]: BUSY"}}
[debug] [2022-04-19T13:43:43.513Z] [runtime-status] [7276] Functions runtime initialized. {"cwd":"C:\\Users\\karti\\github\\overreactedamazon\\functions","node_version":"16.14.2"} {"metadata":{"emulator":{"name":"functions"},"function":{"name":"us-central1-api"},"extension":{},"message":"[runtime-status] [7276] Functions runtime initialized. {\"cwd\":\"C:\\\\Users\\\\karti\\\\github\\\\overreactedamazon\\\\functions\",\"node_version\":\"16.14.2\"}"}}
[debug] [2022-04-19T13:43:43.514Z] [runtime-status] [7276] Disabled runtime features: undefined {"metadata":{"emulator":{"name":"functions"},"function":{"name":"us-central1-api"},"extension":{},"message":"[runtime-status] [7276] Disabled runtime features: undefined"}}
[debug] [2022-04-19T13:43:43.517Z] [runtime-status] [7276] Resolved module firebase-admin {"declared":true,"installed":true,"version":"10.0.2","resolution":"C:\\Users\\karti\\github\\overreactedamazon\\functions\\node_modules\\firebase-admin\\lib\\index.js"} {"metadata":{"emulator":{"name":"functions"},"function":{"name":"us-central1-api"},"extension":{},"message":"[runtime-status] [7276] Resolved module firebase-admin {\"declared\":true,\"installed\":true,\"version\":\"10.0.2\",\"resolution\":\"C:\\\\Users\\\\karti\\\\github\\\\overreactedamazon\\\\functions\\\\node_modules\\\\firebase-admin\\\\lib\\\\index.js\"}"}}
[debug] [2022-04-19T13:43:43.519Z] [runtime-status] [7276] Resolved module firebase-functions {"declared":true,"installed":true,"version":"3.20.0","resolution":"C:\\Users\\karti\\github\\overreactedamazon\\functions\\node_modules\\firebase-functions\\lib\\index.js"} {"metadata":{"emulator":{"name":"functions"},"function":{"name":"us-central1-api"},"extension":{},"message":"[runtime-status] [7276] Resolved module firebase-functions {\"declared\":true,\"installed\":true,\"version\":\"3.20.0\",\"resolution\":\"C:\\\\Users\\\\karti\\\\github\\\\overreactedamazon\\\\functions\\\\node_modules\\\\firebase-functions\\\\lib\\\\index.js\"}"}}
[debug] [2022-04-19T13:43:43.519Z] [runtime-status] [7276] Outgoing network have been stubbed. [{"name":"http","status":"mocked"},{"name":"http","status":"mocked"},{"name":"https","status":"mocked"},{"name":"https","status":"mocked"},{"name":"net","status":"mocked"}] {"metadata":{"emulator":{"name":"functions"},"function":{"name":"us-central1-api"},"extension":{},"message":"[runtime-status] [7276] Outgoing network have been stubbed. [{\"name\":\"http\",\"status\":\"mocked\"},{\"name\":\"http\",\"status\":\"mocked\"},{\"name\":\"https\",\"status\":\"mocked\"},{\"name\":\"https\",\"status\":\"mocked\"},{\"name\":\"net\",\"status\":\"mocked\"}]"}}
[debug] [2022-04-19T13:43:43.520Z] [runtime-status] [7276] Resolved module firebase-functions {"declared":true,"installed":true,"version":"3.20.0","resolution":"C:\\Users\\karti\\github\\overreactedamazon\\functions\\node_modules\\firebase-functions\\lib\\index.js"} {"metadata":{"emulator":{"name":"functions"},"function":{"name":"us-central1-api"},"extension":{},"message":"[runtime-status] [7276] Resolved module firebase-functions {\"declared\":true,\"installed\":true,\"version\":\"3.20.0\",\"resolution\":\"C:\\\\Users\\\\karti\\\\github\\\\overreactedamazon\\\\functions\\\\node_modules\\\\firebase-functions\\\\lib\\\\index.js\"}"}}
[debug] [2022-04-19T13:43:43.602Z] [runtime-status] [7276] Checked functions.config() {"config":{}} {"metadata":{"emulator":{"name":"functions"},"function":{"name":"us-central1-api"},"extension":{},"message":"[runtime-status] [7276] Checked functions.config() {\"config\":{}}"}}
[debug] [2022-04-19T13:43:43.602Z] [runtime-status] [7276] firebase-functions has been stubbed. {"functionsResolution":{"declared":true,"installed":true,"version":"3.20.0","resolution":"C:\\Users\\karti\\github\\overreactedamazon\\functions\\node_modules\\firebase-functions\\lib\\index.js"}} {"metadata":{"emulator":{"name":"functions"},"function":{"name":"us-central1-api"},"extension":{},"message":"[runtime-status] [7276] firebase-functions has been stubbed. {\"functionsResolution\":{\"declared\":true,\"installed\":true,\"version\":\"3.20.0\",\"resolution\":\"C:\\\\Users\\\\karti\\\\github\\\\overreactedamazon\\\\functions\\\\node_modules\\\\firebase-functions\\\\lib\\\\index.js\"}}"}}
[debug] [2022-04-19T13:43:43.603Z] [runtime-status] [7276] Resolved module firebase-functions {"declared":true,"installed":true,"version":"3.20.0","resolution":"C:\\Users\\karti\\github\\overreactedamazon\\functions\\node_modules\\firebase-functions\\lib\\index.js"} {"metadata":{"emulator":{"name":"functions"},"function":{"name":"us-central1-api"},"extension":{},"message":"[runtime-status] [7276] Resolved module firebase-functions {\"declared\":true,\"installed\":true,\"version\":\"3.20.0\",\"resolution\":\"C:\\\\Users\\\\karti\\\\github\\\\overreactedamazon\\\\functions\\\\node_modules\\\\firebase-functions\\\\lib\\\\index.js\"}"}}
[debug] [2022-04-19T13:43:43.605Z] [runtime-status] [7276] Resolved module firebase-admin {"declared":true,"installed":true,"version":"10.0.2","resolution":"C:\\Users\\karti\\github\\overreactedamazon\\functions\\node_modules\\firebase-admin\\lib\\index.js"} {"metadata":{"emulator":{"name":"functions"},"function":{"name":"us-central1-api"},"extension":{},"message":"[runtime-status] [7276] Resolved module firebase-admin {\"declared\":true,\"installed\":true,\"version\":\"10.0.2\",\"resolution\":\"C:\\\\Users\\\\karti\\\\github\\\\overreactedamazon\\\\functions\\\\node_modules\\\\firebase-admin\\\\lib\\\\index.js\"}"}}
[debug] [2022-04-19T13:43:43.605Z] [runtime-status] [7276] Resolved module firebase-functions {"declared":true,"installed":true,"version":"3.20.0","resolution":"C:\\Users\\karti\\github\\overreactedamazon\\functions\\node_modules\\firebase-functions\\lib\\index.js"} {"metadata":{"emulator":{"name":"functions"},"function":{"name":"us-central1-api"},"extension":{},"message":"[runtime-status] [7276] Resolved module firebase-functions {\"declared\":true,\"installed\":true,\"version\":\"3.20.0\",\"resolution\":\"C:\\\\Users\\\\karti\\\\github\\\\overreactedamazon\\\\functions\\\\node_modules\\\\firebase-functions\\\\lib\\\\index.js\"}"}}
[debug] [2022-04-19T13:43:43.606Z] [runtime-status] [7276] firebase-admin has been stubbed. {"adminResolution":{"declared":true,"installed":true,"version":"10.0.2","resolution":"C:\\Users\\karti\\github\\overreactedamazon\\functions\\node_modules\\firebase-admin\\lib\\index.js"}} {"metadata":{"emulator":{"name":"functions"},"function":{"name":"us-central1-api"},"extension":{},"message":"[runtime-status] [7276] firebase-admin has been stubbed. {\"adminResolution\":{\"declared\":true,\"installed\":true,\"version\":\"10.0.2\",\"resolution\":\"C:\\\\Users\\\\karti\\\\github\\\\overreactedamazon\\\\functions\\\\node_modules\\\\firebase-admin\\\\lib\\\\index.js\"}}"}}
[debug] [2022-04-19T13:43:43.768Z] [runtime-status] [7276] Beginning invocation function api! {"metadata":{"emulator":{"name":"functions"},"function":{"name":"us-central1-api"},"extension":{},"message":"[runtime-status] [7276] Beginning invocation function api!"}}
[info] i  functions: Beginning execution of "api" {"metadata":{"emulator":{"name":"functions"},"function":{"name":"us-central1-api"},"extension":{},"message":"Beginning execution of \"api\""}}
[debug] [2022-04-19T13:43:43.769Z] [runtime-status] [7276] Running api in signature http {"metadata":{"emulator":{"name":"functions"},"function":{"name":"us-central1-api"},"extension":{},"message":"[runtime-status] [7276] Running api in signature http"}}
[debug] [2022-04-19T13:43:43.772Z] [runtime-status] [7276] Attempting to listen to socketPath: \\?\pipe\C:\Users\karti\github\overreactedamazon\functions\7276 {"metadata":{"emulator":{"name":"functions"},"function":{"name":"us-central1-api"},"extension":{},"message":"[runtime-status] [7276] Attempting to listen to socketPath: \\\\?\\pipe\\C:\\Users\\karti\\github\\overreactedamazon\\functions\\7276"}}
[debug] [2022-04-19T13:43:43.777Z] [functions] Runtime ready! Sending request! {"metadata":{"emulator":{"name":"functions"},"message":"[functions] Runtime ready! Sending request!"}}
[debug] [2022-04-19T13:43:43.778Z] [functions] Got req.url=/my--clone-authentication/us-central1/api/payments/create?total=1196, mapping to path=/payments/create?total=1196 {"metadata":{"emulator":{"name":"functions"},"message":"[functions] Got req.url=/my--clone-authentication/us-central1/api/payments/create?total=1196, mapping to path=/payments/create?total=1196"}}
[debug] [2022-04-19T13:43:43.785Z] [runtime-status] [7276] Ephemeral server handling POST request {"metadata":{"emulator":{"name":"functions"},"function":{"name":"us-central1-api"},"extension":{},"message":"[runtime-status] [7276] Ephemeral server handling POST request"}}
[info] >  Payment Request Recieved BOOM!!! for this amount >>>  1196 {"user":"Payment Request Recieved BOOM!!! for this amount >>>  1196","metadata":{"emulator":{"name":"functions"},"function":{"name":"us-central1-api"},"extension":{},"message":"\u001b[90m> \u001b[39m Payment Request Recieved BOOM!!! for this amount >>>  1196"}}
[debug] [2022-04-19T13:43:43.814Z] [runtime-status] [7276] Ephemeral server survived. {"metadata":{"emulator":{"name":"functions"},"function":{"name":"us-central1-api"},"extension":{},"message":"[runtime-status] [7276] Ephemeral server survived."}}
[info] i  functions: Finished "api" in ~1s {"metadata":{"emulator":{"name":"functions"},"function":{"name":"us-central1-api"},"extension":{},"message":"Finished \"api\" in ~1s"}}
[debug] [2022-04-19T13:43:44.990Z] [worker-us-central1-api-e309fcca-c9ca-4eee-9fe7-d428958406f6]: IDLE {"metadata":{"emulator":{"name":"functions"},"message":"[worker-us-central1-api-e309fcca-c9ca-4eee-9fe7-d428958406f6]: IDLE"}}
[debug] [2022-04-19T13:43:44.991Z] [work-queue] {"queueLength":0,"workRunningCount":0}
[debug] [2022-04-19T13:46:07.190Z] [work-queue] {"queueLength":1,"workRunningCount":0}
[debug] [2022-04-19T13:46:07.190Z] [work-queue] {"queueLength":0,"workRunningCount":1}
[debug] [2022-04-19T13:46:07.190Z] Accepted request POST /my--clone-authentication/us-central1/api/payments/create?total=1196 --> us-central1-api
[debug] [2022-04-19T13:46:07.190Z] [worker-pool] submitWork(triggerId=us-central1-api) {"metadata":{"emulator":{"name":"functions"},"message":"[worker-pool] submitWork(triggerId=us-central1-api)"}}
[debug] [2022-04-19T13:46:07.190Z] [worker-us-central1-api-e309fcca-c9ca-4eee-9fe7-d428958406f6]: Assigning socketPath: \\?\pipe\C:\Users\karti\github\overreactedamazon\functions\7276 {"metadata":{"emulator":{"name":"functions"},"message":"[worker-us-central1-api-e309fcca-c9ca-4eee-9fe7-d428958406f6]: Assigning socketPath: \\\\?\\pipe\\C:\\Users\\karti\\github\\overreactedamazon\\functions\\7276"}}
[debug] [2022-04-19T13:46:07.191Z] [worker-us-central1-api-e309fcca-c9ca-4eee-9fe7-d428958406f6]: BUSY {"metadata":{"emulator":{"name":"functions"},"message":"[worker-us-central1-api-e309fcca-c9ca-4eee-9fe7-d428958406f6]: BUSY"}}
[debug] [2022-04-19T13:46:07.191Z] [runtime-status] [7276] Beginning invocation function api! {"metadata":{"emulator":{"name":"functions"},"function":{"name":"us-central1-api"},"extension":{},"message":"[runtime-status] [7276] Beginning invocation function api!"}}
[info] i  functions: Beginning execution of "api" {"metadata":{"emulator":{"name":"functions"},"function":{"name":"us-central1-api"},"extension":{},"message":"Beginning execution of \"api\""}}
[debug] [2022-04-19T13:46:07.192Z] [runtime-status] [7276] Running api in signature http {"metadata":{"emulator":{"name":"functions"},"function":{"name":"us-central1-api"},"extension":{},"message":"[runtime-status] [7276] Running api in signature http"}}
[debug] [2022-04-19T13:46:07.193Z] [runtime-status] [7276] Attempting to listen to socketPath: \\?\pipe\C:\Users\karti\github\overreactedamazon\functions\7276 {"metadata":{"emulator":{"name":"functions"},"function":{"name":"us-central1-api"},"extension":{},"message":"[runtime-status] [7276] Attempting to listen to socketPath: \\\\?\\pipe\\C:\\Users\\karti\\github\\overreactedamazon\\functions\\7276"}}
[debug] [2022-04-19T13:46:07.197Z] [functions] Runtime ready! Sending request! {"metadata":{"emulator":{"name":"functions"},"message":"[functions] Runtime ready! Sending request!"}}
[debug] [2022-04-19T13:46:07.197Z] [functions] Got req.url=/my--clone-authentication/us-central1/api/payments/create?total=1196, mapping to path=/payments/create?total=1196 {"metadata":{"emulator":{"name":"functions"},"message":"[functions] Got req.url=/my--clone-authentication/us-central1/api/payments/create?total=1196, mapping to path=/payments/create?total=1196"}}
[debug] [2022-04-19T13:46:07.201Z] [runtime-status] [7276] Ephemeral server handling POST request {"metadata":{"emulator":{"name":"functions"},"function":{"name":"us-central1-api"},"extension":{},"message":"[runtime-status] [7276] Ephemeral server handling POST request"}}
[info] >  Payment Request Recieved BOOM!!! for this amount >>>  1196 {"user":"Payment Request Recieved BOOM!!! for this amount >>>  1196","metadata":{"emulator":{"name":"functions"},"function":{"name":"us-central1-api"},"extension":{},"message":"\u001b[90m> \u001b[39m Payment Request Recieved BOOM!!! for this amount >>>  1196"}}
[debug] [2022-04-19T13:46:07.203Z] [runtime-status] [7276] Ephemeral server survived. {"metadata":{"emulator":{"name":"functions"},"function":{"name":"us-central1-api"},"extension":{},"message":"[runtime-status] [7276] Ephemeral server survived."}}
[info] i  functions: Finished "api" in ~1s {"metadata":{"emulator":{"name":"functions"},"function":{"name":"us-central1-api"},"extension":{},"message":"Finished \"api\" in ~1s"}}
[debug] [2022-04-19T13:46:08.584Z] [worker-us-central1-api-e309fcca-c9ca-4eee-9fe7-d428958406f6]: IDLE {"metadata":{"emulator":{"name":"functions"},"message":"[worker-us-central1-api-e309fcca-c9ca-4eee-9fe7-d428958406f6]: IDLE"}}
[debug] [2022-04-19T13:46:08.585Z] [work-queue] {"queueLength":0,"workRunningCount":0}
[info] i  hosting: 127.0.0.1 - - [19/Apr/2022:14:10:59 +0000] "GET /success HTTP/1.1" 200 563 "-" "Mozilla/5.0 (Windows NT 10.0; Win64; x64) AppleWebKit/537.36 (KHTML, like Gecko) Chrome/100.0.4896.127 Safari/537.36 Edg/100.0.1185.44" {"metadata":{"emulator":{"name":"hosting"},"message":"127.0.0.1 - - [19/Apr/2022:14:10:59 +0000] \"GET /success HTTP/1.1\" 200 563 \"-\" \"Mozilla/5.0 (Windows NT 10.0; Win64; x64) AppleWebKit/537.36 (KHTML, like Gecko) Chrome/100.0.4896.127 Safari/537.36 Edg/100.0.1185.44\""}}
[info] i  hosting: 127.0.0.1 - - [19/Apr/2022:14:10:59 +0000] "GET /static/js/main.e5e1b90e.js HTTP/1.1" 200 697343 "http://localhost:5000/success" "Mozilla/5.0 (Windows NT 10.0; Win64; x64) AppleWebKit/537.36 (KHTML, like Gecko) Chrome/100.0.4896.127 Safari/537.36 Edg/100.0.1185.44" {"metadata":{"emulator":{"name":"hosting"},"message":"127.0.0.1 - - [19/Apr/2022:14:10:59 +0000] \"GET /static/js/main.e5e1b90e.js HTTP/1.1\" 200 697343 \"http://localhost:5000/success\" \"Mozilla/5.0 (Windows NT 10.0; Win64; x64) AppleWebKit/537.36 (KHTML, like Gecko) Chrome/100.0.4896.127 Safari/537.36 Edg/100.0.1185.44\""}}
[debug] [2022-04-19T15:34:31.164Z] [work-queue] {"queueLength":1,"workRunningCount":0}
[debug] [2022-04-19T15:34:31.167Z] [work-queue] {"queueLength":0,"workRunningCount":1}
[debug] [2022-04-19T15:34:31.168Z] Accepted request POST /my--clone-authentication/us-central1/api/payments/create?total=25096 --> us-central1-api
[debug] [2022-04-19T15:34:31.172Z] [worker-pool] submitWork(triggerId=us-central1-api) {"metadata":{"emulator":{"name":"functions"},"message":"[worker-pool] submitWork(triggerId=us-central1-api)"}}
[debug] [2022-04-19T15:34:31.174Z] [worker-us-central1-api-e309fcca-c9ca-4eee-9fe7-d428958406f6]: Assigning socketPath: \\?\pipe\C:\Users\karti\github\overreactedamazon\functions\7276 {"metadata":{"emulator":{"name":"functions"},"message":"[worker-us-central1-api-e309fcca-c9ca-4eee-9fe7-d428958406f6]: Assigning socketPath: \\\\?\\pipe\\C:\\Users\\karti\\github\\overreactedamazon\\functions\\7276"}}
[debug] [2022-04-19T15:34:31.175Z] [worker-us-central1-api-e309fcca-c9ca-4eee-9fe7-d428958406f6]: BUSY {"metadata":{"emulator":{"name":"functions"},"message":"[worker-us-central1-api-e309fcca-c9ca-4eee-9fe7-d428958406f6]: BUSY"}}
[debug] [2022-04-19T15:34:31.208Z] [runtime-status] [7276] Beginning invocation function api! {"metadata":{"emulator":{"name":"functions"},"function":{"name":"us-central1-api"},"extension":{},"message":"[runtime-status] [7276] Beginning invocation function api!"}}
[info] i  functions: Beginning execution of "api" {"metadata":{"emulator":{"name":"functions"},"function":{"name":"us-central1-api"},"extension":{},"message":"Beginning execution of \"api\""}}
[debug] [2022-04-19T15:34:31.215Z] [runtime-status] [7276] Running api in signature http {"metadata":{"emulator":{"name":"functions"},"function":{"name":"us-central1-api"},"extension":{},"message":"[runtime-status] [7276] Running api in signature http"}}
[debug] [2022-04-19T15:34:31.230Z] [runtime-status] [7276] Attempting to listen to socketPath: \\?\pipe\C:\Users\karti\github\overreactedamazon\functions\7276 {"metadata":{"emulator":{"name":"functions"},"function":{"name":"us-central1-api"},"extension":{},"message":"[runtime-status] [7276] Attempting to listen to socketPath: \\\\?\\pipe\\C:\\Users\\karti\\github\\overreactedamazon\\functions\\7276"}}
[debug] [2022-04-19T15:34:31.246Z] [functions] Runtime ready! Sending request! {"metadata":{"emulator":{"name":"functions"},"message":"[functions] Runtime ready! Sending request!"}}
[debug] [2022-04-19T15:34:31.247Z] [functions] Got req.url=/my--clone-authentication/us-central1/api/payments/create?total=25096, mapping to path=/payments/create?total=25096 {"metadata":{"emulator":{"name":"functions"},"message":"[functions] Got req.url=/my--clone-authentication/us-central1/api/payments/create?total=25096, mapping to path=/payments/create?total=25096"}}
[debug] [2022-04-19T15:34:31.256Z] [runtime-status] [7276] Ephemeral server handling POST request {"metadata":{"emulator":{"name":"functions"},"function":{"name":"us-central1-api"},"extension":{},"message":"[runtime-status] [7276] Ephemeral server handling POST request"}}
[info] >  Payment Request Recieved BOOM!!! for this amount >>>  25096 {"user":"Payment Request Recieved BOOM!!! for this amount >>>  25096","metadata":{"emulator":{"name":"functions"},"function":{"name":"us-central1-api"},"extension":{},"message":"\u001b[90m> \u001b[39m Payment Request Recieved BOOM!!! for this amount >>>  25096"}}
[debug] [2022-04-19T15:34:31.278Z] [runtime-status] [7276] Ephemeral server survived. {"metadata":{"emulator":{"name":"functions"},"function":{"name":"us-central1-api"},"extension":{},"message":"[runtime-status] [7276] Ephemeral server survived."}}
[info] i  functions: Finished "api" in ~1s {"metadata":{"emulator":{"name":"functions"},"function":{"name":"us-central1-api"},"extension":{},"message":"Finished \"api\" in ~1s"}}
[debug] [2022-04-19T15:34:32.442Z] [worker-us-central1-api-e309fcca-c9ca-4eee-9fe7-d428958406f6]: IDLE {"metadata":{"emulator":{"name":"functions"},"message":"[worker-us-central1-api-e309fcca-c9ca-4eee-9fe7-d428958406f6]: IDLE"}}
[debug] [2022-04-19T15:34:32.443Z] [work-queue] {"queueLength":0,"workRunningCount":0}
[debug] [2022-04-19T15:38:50.644Z] [work-queue] {"queueLength":1,"workRunningCount":0}
[debug] [2022-04-19T15:38:50.644Z] [work-queue] {"queueLength":0,"workRunningCount":1}
[debug] [2022-04-19T15:38:50.645Z] Accepted request POST /my--clone-authentication/us-central1/api/payments/create?total=169397 --> us-central1-api
[debug] [2022-04-19T15:38:50.645Z] [worker-pool] submitWork(triggerId=us-central1-api) {"metadata":{"emulator":{"name":"functions"},"message":"[worker-pool] submitWork(triggerId=us-central1-api)"}}
[debug] [2022-04-19T15:38:50.646Z] [worker-us-central1-api-e309fcca-c9ca-4eee-9fe7-d428958406f6]: Assigning socketPath: \\?\pipe\C:\Users\karti\github\overreactedamazon\functions\7276 {"metadata":{"emulator":{"name":"functions"},"message":"[worker-us-central1-api-e309fcca-c9ca-4eee-9fe7-d428958406f6]: Assigning socketPath: \\\\?\\pipe\\C:\\Users\\karti\\github\\overreactedamazon\\functions\\7276"}}
[debug] [2022-04-19T15:38:50.647Z] [worker-us-central1-api-e309fcca-c9ca-4eee-9fe7-d428958406f6]: BUSY {"metadata":{"emulator":{"name":"functions"},"message":"[worker-us-central1-api-e309fcca-c9ca-4eee-9fe7-d428958406f6]: BUSY"}}
[debug] [2022-04-19T15:38:50.648Z] [runtime-status] [7276] Beginning invocation function api! {"metadata":{"emulator":{"name":"functions"},"function":{"name":"us-central1-api"},"extension":{},"message":"[runtime-status] [7276] Beginning invocation function api!"}}
[info] i  functions: Beginning execution of "api" {"metadata":{"emulator":{"name":"functions"},"function":{"name":"us-central1-api"},"extension":{},"message":"Beginning execution of \"api\""}}
[debug] [2022-04-19T15:38:50.649Z] [runtime-status] [7276] Running api in signature http {"metadata":{"emulator":{"name":"functions"},"function":{"name":"us-central1-api"},"extension":{},"message":"[runtime-status] [7276] Running api in signature http"}}
[debug] [2022-04-19T15:38:50.649Z] [runtime-status] [7276] Attempting to listen to socketPath: \\?\pipe\C:\Users\karti\github\overreactedamazon\functions\7276 {"metadata":{"emulator":{"name":"functions"},"function":{"name":"us-central1-api"},"extension":{},"message":"[runtime-status] [7276] Attempting to listen to socketPath: \\\\?\\pipe\\C:\\Users\\karti\\github\\overreactedamazon\\functions\\7276"}}
[debug] [2022-04-19T15:38:50.654Z] [functions] Runtime ready! Sending request! {"metadata":{"emulator":{"name":"functions"},"message":"[functions] Runtime ready! Sending request!"}}
[debug] [2022-04-19T15:38:50.654Z] [functions] Got req.url=/my--clone-authentication/us-central1/api/payments/create?total=169397, mapping to path=/payments/create?total=169397 {"metadata":{"emulator":{"name":"functions"},"message":"[functions] Got req.url=/my--clone-authentication/us-central1/api/payments/create?total=169397, mapping to path=/payments/create?total=169397"}}
[debug] [2022-04-19T15:38:50.658Z] [runtime-status] [7276] Ephemeral server handling POST request {"metadata":{"emulator":{"name":"functions"},"function":{"name":"us-central1-api"},"extension":{},"message":"[runtime-status] [7276] Ephemeral server handling POST request"}}
[info] >  Payment Request Recieved BOOM!!! for this amount >>>  169397 {"user":"Payment Request Recieved BOOM!!! for this amount >>>  169397","metadata":{"emulator":{"name":"functions"},"function":{"name":"us-central1-api"},"extension":{},"message":"\u001b[90m> \u001b[39m Payment Request Recieved BOOM!!! for this amount >>>  169397"}}
[debug] [2022-04-19T15:38:50.665Z] [runtime-status] [7276] Ephemeral server survived. {"metadata":{"emulator":{"name":"functions"},"function":{"name":"us-central1-api"},"extension":{},"message":"[runtime-status] [7276] Ephemeral server survived."}}
[info] i  functions: Finished "api" in ~1s {"metadata":{"emulator":{"name":"functions"},"function":{"name":"us-central1-api"},"extension":{},"message":"Finished \"api\" in ~1s"}}
[debug] [2022-04-19T15:38:51.551Z] [worker-us-central1-api-e309fcca-c9ca-4eee-9fe7-d428958406f6]: IDLE {"metadata":{"emulator":{"name":"functions"},"message":"[worker-us-central1-api-e309fcca-c9ca-4eee-9fe7-d428958406f6]: IDLE"}}
[debug] [2022-04-19T15:38:51.551Z] [work-queue] {"queueLength":0,"workRunningCount":0}
[debug] [2022-04-19T17:23:00.528Z] [work-queue] {"queueLength":1,"workRunningCount":0}
[debug] [2022-04-19T17:23:00.558Z] [work-queue] {"queueLength":0,"workRunningCount":1}
[debug] [2022-04-19T17:23:00.561Z] Accepted request POST /my--clone-authentication/us-central1/api/payments/create?total=23900 --> us-central1-api
[debug] [2022-04-19T17:23:00.570Z] [worker-pool] submitWork(triggerId=us-central1-api) {"metadata":{"emulator":{"name":"functions"},"message":"[worker-pool] submitWork(triggerId=us-central1-api)"}}
[debug] [2022-04-19T17:23:00.576Z] [worker-us-central1-api-e309fcca-c9ca-4eee-9fe7-d428958406f6]: Assigning socketPath: \\?\pipe\C:\Users\karti\github\overreactedamazon\functions\7276 {"metadata":{"emulator":{"name":"functions"},"message":"[worker-us-central1-api-e309fcca-c9ca-4eee-9fe7-d428958406f6]: Assigning socketPath: \\\\?\\pipe\\C:\\Users\\karti\\github\\overreactedamazon\\functions\\7276"}}
[debug] [2022-04-19T17:23:00.578Z] [worker-us-central1-api-e309fcca-c9ca-4eee-9fe7-d428958406f6]: BUSY {"metadata":{"emulator":{"name":"functions"},"message":"[worker-us-central1-api-e309fcca-c9ca-4eee-9fe7-d428958406f6]: BUSY"}}
[debug] [2022-04-19T17:23:00.645Z] [runtime-status] [7276] Beginning invocation function api! {"metadata":{"emulator":{"name":"functions"},"function":{"name":"us-central1-api"},"extension":{},"message":"[runtime-status] [7276] Beginning invocation function api!"}}
[info] i  functions: Beginning execution of "api" {"metadata":{"emulator":{"name":"functions"},"function":{"name":"us-central1-api"},"extension":{},"message":"Beginning execution of \"api\""}}
[debug] [2022-04-19T17:23:00.674Z] [runtime-status] [7276] Running api in signature http {"metadata":{"emulator":{"name":"functions"},"function":{"name":"us-central1-api"},"extension":{},"message":"[runtime-status] [7276] Running api in signature http"}}
[debug] [2022-04-19T17:23:00.677Z] [runtime-status] [7276] Attempting to listen to socketPath: \\?\pipe\C:\Users\karti\github\overreactedamazon\functions\7276 {"metadata":{"emulator":{"name":"functions"},"function":{"name":"us-central1-api"},"extension":{},"message":"[runtime-status] [7276] Attempting to listen to socketPath: \\\\?\\pipe\\C:\\Users\\karti\\github\\overreactedamazon\\functions\\7276"}}
[debug] [2022-04-19T17:23:00.735Z] [functions] Runtime ready! Sending request! {"metadata":{"emulator":{"name":"functions"},"message":"[functions] Runtime ready! Sending request!"}}
[debug] [2022-04-19T17:23:00.740Z] [functions] Got req.url=/my--clone-authentication/us-central1/api/payments/create?total=23900, mapping to path=/payments/create?total=23900 {"metadata":{"emulator":{"name":"functions"},"message":"[functions] Got req.url=/my--clone-authentication/us-central1/api/payments/create?total=23900, mapping to path=/payments/create?total=23900"}}
[debug] [2022-04-19T17:23:00.763Z] [runtime-status] [7276] Ephemeral server handling POST request {"metadata":{"emulator":{"name":"functions"},"function":{"name":"us-central1-api"},"extension":{},"message":"[runtime-status] [7276] Ephemeral server handling POST request"}}
[info] >  Payment Request Recieved BOOM!!! for this amount >>>  23900 {"user":"Payment Request Recieved BOOM!!! for this amount >>>  23900","metadata":{"emulator":{"name":"functions"},"function":{"name":"us-central1-api"},"extension":{},"message":"\u001b[90m> \u001b[39m Payment Request Recieved BOOM!!! for this amount >>>  23900"}}
[debug] [2022-04-19T17:23:00.797Z] [runtime-status] [7276] Ephemeral server survived. {"metadata":{"emulator":{"name":"functions"},"function":{"name":"us-central1-api"},"extension":{},"message":"[runtime-status] [7276] Ephemeral server survived."}}
[info] i  functions: Finished "api" in ~1s {"metadata":{"emulator":{"name":"functions"},"function":{"name":"us-central1-api"},"extension":{},"message":"Finished \"api\" in ~1s"}}
[debug] [2022-04-19T17:23:01.784Z] [worker-us-central1-api-e309fcca-c9ca-4eee-9fe7-d428958406f6]: IDLE {"metadata":{"emulator":{"name":"functions"},"message":"[worker-us-central1-api-e309fcca-c9ca-4eee-9fe7-d428958406f6]: IDLE"}}
[debug] [2022-04-19T17:23:01.786Z] [work-queue] {"queueLength":0,"workRunningCount":0}
[info] i  hosting: 127.0.0.1 - - [19/Apr/2022:17:23:17 +0000] "GET /static/css/main.7164b1f2.css.map HTTP/1.1" 200 21804 "-" "Mozilla/5.0 (Windows NT 10.0; Win64; x64) AppleWebKit/537.36 (KHTML, like Gecko) Chrome/100.0.4896.127 Safari/537.36 Edg/100.0.1185.44" {"metadata":{"emulator":{"name":"hosting"},"message":"127.0.0.1 - - [19/Apr/2022:17:23:17 +0000] \"GET /static/css/main.7164b1f2.css.map HTTP/1.1\" 200 21804 \"-\" \"Mozilla/5.0 (Windows NT 10.0; Win64; x64) AppleWebKit/537.36 (KHTML, like Gecko) Chrome/100.0.4896.127 Safari/537.36 Edg/100.0.1185.44\""}}
[info] i  hosting: 127.0.0.1 - - [19/Apr/2022:17:23:17 +0000] "GET /static/js/main.e5e1b90e.js.map HTTP/1.1" 200 3805263 "-" "Mozilla/5.0 (Windows NT 10.0; Win64; x64) AppleWebKit/537.36 (KHTML, like Gecko) Chrome/100.0.4896.127 Safari/537.36 Edg/100.0.1185.44" {"metadata":{"emulator":{"name":"hosting"},"message":"127.0.0.1 - - [19/Apr/2022:17:23:17 +0000] \"GET /static/js/main.e5e1b90e.js.map HTTP/1.1\" 200 3805263 \"-\" \"Mozilla/5.0 (Windows NT 10.0; Win64; x64) AppleWebKit/537.36 (KHTML, like Gecko) Chrome/100.0.4896.127 Safari/537.36 Edg/100.0.1185.44\""}}
[debug] [2022-04-19T17:55:24.893Z] [work-queue] {"queueLength":1,"workRunningCount":0}
[debug] [2022-04-19T17:55:24.904Z] [work-queue] {"queueLength":0,"workRunningCount":1}
[debug] [2022-04-19T17:55:24.904Z] Accepted request POST /my--clone-authentication/us-central1/api/payments/create?total=19999 --> us-central1-api
[debug] [2022-04-19T17:55:24.907Z] [worker-pool] submitWork(triggerId=us-central1-api) {"metadata":{"emulator":{"name":"functions"},"message":"[worker-pool] submitWork(triggerId=us-central1-api)"}}
[debug] [2022-04-19T17:55:24.909Z] [worker-us-central1-api-e309fcca-c9ca-4eee-9fe7-d428958406f6]: Assigning socketPath: \\?\pipe\C:\Users\karti\github\overreactedamazon\functions\7276 {"metadata":{"emulator":{"name":"functions"},"message":"[worker-us-central1-api-e309fcca-c9ca-4eee-9fe7-d428958406f6]: Assigning socketPath: \\\\?\\pipe\\C:\\Users\\karti\\github\\overreactedamazon\\functions\\7276"}}
[debug] [2022-04-19T17:55:24.909Z] [worker-us-central1-api-e309fcca-c9ca-4eee-9fe7-d428958406f6]: BUSY {"metadata":{"emulator":{"name":"functions"},"message":"[worker-us-central1-api-e309fcca-c9ca-4eee-9fe7-d428958406f6]: BUSY"}}
[debug] [2022-04-19T17:55:24.945Z] [runtime-status] [7276] Beginning invocation function api! {"metadata":{"emulator":{"name":"functions"},"function":{"name":"us-central1-api"},"extension":{},"message":"[runtime-status] [7276] Beginning invocation function api!"}}
[info] i  functions: Beginning execution of "api" {"metadata":{"emulator":{"name":"functions"},"function":{"name":"us-central1-api"},"extension":{},"message":"Beginning execution of \"api\""}}
[debug] [2022-04-19T17:55:24.973Z] [runtime-status] [7276] Running api in signature http {"metadata":{"emulator":{"name":"functions"},"function":{"name":"us-central1-api"},"extension":{},"message":"[runtime-status] [7276] Running api in signature http"}}
[debug] [2022-04-19T17:55:25.027Z] [runtime-status] [7276] Attempting to listen to socketPath: \\?\pipe\C:\Users\karti\github\overreactedamazon\functions\7276 {"metadata":{"emulator":{"name":"functions"},"function":{"name":"us-central1-api"},"extension":{},"message":"[runtime-status] [7276] Attempting to listen to socketPath: \\\\?\\pipe\\C:\\Users\\karti\\github\\overreactedamazon\\functions\\7276"}}
[debug] [2022-04-19T17:55:25.085Z] [functions] Runtime ready! Sending request! {"metadata":{"emulator":{"name":"functions"},"message":"[functions] Runtime ready! Sending request!"}}
[debug] [2022-04-19T17:55:25.090Z] [functions] Got req.url=/my--clone-authentication/us-central1/api/payments/create?total=19999, mapping to path=/payments/create?total=19999 {"metadata":{"emulator":{"name":"functions"},"message":"[functions] Got req.url=/my--clone-authentication/us-central1/api/payments/create?total=19999, mapping to path=/payments/create?total=19999"}}
[debug] [2022-04-19T17:55:25.103Z] [runtime-status] [7276] Ephemeral server handling POST request {"metadata":{"emulator":{"name":"functions"},"function":{"name":"us-central1-api"},"extension":{},"message":"[runtime-status] [7276] Ephemeral server handling POST request"}}
[info] >  Payment Request Recieved BOOM!!! for this amount >>>  19999 {"user":"Payment Request Recieved BOOM!!! for this amount >>>  19999","metadata":{"emulator":{"name":"functions"},"function":{"name":"us-central1-api"},"extension":{},"message":"\u001b[90m> \u001b[39m Payment Request Recieved BOOM!!! for this amount >>>  19999"}}
[debug] [2022-04-19T17:55:25.122Z] [runtime-status] [7276] Ephemeral server survived. {"metadata":{"emulator":{"name":"functions"},"function":{"name":"us-central1-api"},"extension":{},"message":"[runtime-status] [7276] Ephemeral server survived."}}
[info] i  functions: Finished "api" in ~1s {"metadata":{"emulator":{"name":"functions"},"function":{"name":"us-central1-api"},"extension":{},"message":"Finished \"api\" in ~1s"}}
[debug] [2022-04-19T17:55:26.449Z] [worker-us-central1-api-e309fcca-c9ca-4eee-9fe7-d428958406f6]: IDLE {"metadata":{"emulator":{"name":"functions"},"message":"[worker-us-central1-api-e309fcca-c9ca-4eee-9fe7-d428958406f6]: IDLE"}}
[debug] [2022-04-19T17:55:26.450Z] [work-queue] {"queueLength":0,"workRunningCount":0}
[debug] [2022-04-19T17:56:16.944Z] [work-queue] {"queueLength":1,"workRunningCount":0}
[debug] [2022-04-19T17:56:16.944Z] [work-queue] {"queueLength":0,"workRunningCount":1}
[debug] [2022-04-19T17:56:16.945Z] Accepted request POST /my--clone-authentication/us-central1/api/payments/create?total=23900 --> us-central1-api
[debug] [2022-04-19T17:56:16.945Z] [worker-pool] submitWork(triggerId=us-central1-api) {"metadata":{"emulator":{"name":"functions"},"message":"[worker-pool] submitWork(triggerId=us-central1-api)"}}
[debug] [2022-04-19T17:56:16.947Z] [worker-us-central1-api-e309fcca-c9ca-4eee-9fe7-d428958406f6]: Assigning socketPath: \\?\pipe\C:\Users\karti\github\overreactedamazon\functions\7276 {"metadata":{"emulator":{"name":"functions"},"message":"[worker-us-central1-api-e309fcca-c9ca-4eee-9fe7-d428958406f6]: Assigning socketPath: \\\\?\\pipe\\C:\\Users\\karti\\github\\overreactedamazon\\functions\\7276"}}
[debug] [2022-04-19T17:56:16.948Z] [worker-us-central1-api-e309fcca-c9ca-4eee-9fe7-d428958406f6]: BUSY {"metadata":{"emulator":{"name":"functions"},"message":"[worker-us-central1-api-e309fcca-c9ca-4eee-9fe7-d428958406f6]: BUSY"}}
[debug] [2022-04-19T17:56:16.950Z] [runtime-status] [7276] Beginning invocation function api! {"metadata":{"emulator":{"name":"functions"},"function":{"name":"us-central1-api"},"extension":{},"message":"[runtime-status] [7276] Beginning invocation function api!"}}
[info] i  functions: Beginning execution of "api" {"metadata":{"emulator":{"name":"functions"},"function":{"name":"us-central1-api"},"extension":{},"message":"Beginning execution of \"api\""}}
[debug] [2022-04-19T17:56:16.953Z] [runtime-status] [7276] Running api in signature http {"metadata":{"emulator":{"name":"functions"},"function":{"name":"us-central1-api"},"extension":{},"message":"[runtime-status] [7276] Running api in signature http"}}
[debug] [2022-04-19T17:56:16.954Z] [runtime-status] [7276] Attempting to listen to socketPath: \\?\pipe\C:\Users\karti\github\overreactedamazon\functions\7276 {"metadata":{"emulator":{"name":"functions"},"function":{"name":"us-central1-api"},"extension":{},"message":"[runtime-status] [7276] Attempting to listen to socketPath: \\\\?\\pipe\\C:\\Users\\karti\\github\\overreactedamazon\\functions\\7276"}}
[debug] [2022-04-19T17:56:16.962Z] [functions] Runtime ready! Sending request! {"metadata":{"emulator":{"name":"functions"},"message":"[functions] Runtime ready! Sending request!"}}
[debug] [2022-04-19T17:56:16.964Z] [functions] Got req.url=/my--clone-authentication/us-central1/api/payments/create?total=23900, mapping to path=/payments/create?total=23900 {"metadata":{"emulator":{"name":"functions"},"message":"[functions] Got req.url=/my--clone-authentication/us-central1/api/payments/create?total=23900, mapping to path=/payments/create?total=23900"}}
[debug] [2022-04-19T17:56:16.969Z] [runtime-status] [7276] Ephemeral server handling POST request {"metadata":{"emulator":{"name":"functions"},"function":{"name":"us-central1-api"},"extension":{},"message":"[runtime-status] [7276] Ephemeral server handling POST request"}}
[info] >  Payment Request Recieved BOOM!!! for this amount >>>  23900 {"user":"Payment Request Recieved BOOM!!! for this amount >>>  23900","metadata":{"emulator":{"name":"functions"},"function":{"name":"us-central1-api"},"extension":{},"message":"\u001b[90m> \u001b[39m Payment Request Recieved BOOM!!! for this amount >>>  23900"}}
[debug] [2022-04-19T17:56:16.985Z] [runtime-status] [7276] Ephemeral server survived. {"metadata":{"emulator":{"name":"functions"},"function":{"name":"us-central1-api"},"extension":{},"message":"[runtime-status] [7276] Ephemeral server survived."}}
[info] i  functions: Finished "api" in ~1s {"metadata":{"emulator":{"name":"functions"},"function":{"name":"us-central1-api"},"extension":{},"message":"Finished \"api\" in ~1s"}}
[debug] [2022-04-19T17:56:17.442Z] [worker-us-central1-api-e309fcca-c9ca-4eee-9fe7-d428958406f6]: IDLE {"metadata":{"emulator":{"name":"functions"},"message":"[worker-us-central1-api-e309fcca-c9ca-4eee-9fe7-d428958406f6]: IDLE"}}
[debug] [2022-04-19T17:56:17.443Z] [work-queue] {"queueLength":0,"workRunningCount":0}
[debug] [2022-04-19T18:04:18.140Z] [work-queue] {"queueLength":1,"workRunningCount":0}
[debug] [2022-04-19T18:04:18.141Z] [work-queue] {"queueLength":0,"workRunningCount":1}
[debug] [2022-04-19T18:04:18.141Z] Accepted request POST /my--clone-authentication/us-central1/api/payments/create?total=23900 --> us-central1-api
[debug] [2022-04-19T18:04:18.142Z] [worker-pool] submitWork(triggerId=us-central1-api) {"metadata":{"emulator":{"name":"functions"},"message":"[worker-pool] submitWork(triggerId=us-central1-api)"}}
[debug] [2022-04-19T18:04:18.142Z] [worker-us-central1-api-e309fcca-c9ca-4eee-9fe7-d428958406f6]: Assigning socketPath: \\?\pipe\C:\Users\karti\github\overreactedamazon\functions\7276 {"metadata":{"emulator":{"name":"functions"},"message":"[worker-us-central1-api-e309fcca-c9ca-4eee-9fe7-d428958406f6]: Assigning socketPath: \\\\?\\pipe\\C:\\Users\\karti\\github\\overreactedamazon\\functions\\7276"}}
[debug] [2022-04-19T18:04:18.143Z] [worker-us-central1-api-e309fcca-c9ca-4eee-9fe7-d428958406f6]: BUSY {"metadata":{"emulator":{"name":"functions"},"message":"[worker-us-central1-api-e309fcca-c9ca-4eee-9fe7-d428958406f6]: BUSY"}}
[debug] [2022-04-19T18:04:18.145Z] [runtime-status] [7276] Beginning invocation function api! {"metadata":{"emulator":{"name":"functions"},"function":{"name":"us-central1-api"},"extension":{},"message":"[runtime-status] [7276] Beginning invocation function api!"}}
[info] i  functions: Beginning execution of "api" {"metadata":{"emulator":{"name":"functions"},"function":{"name":"us-central1-api"},"extension":{},"message":"Beginning execution of \"api\""}}
[debug] [2022-04-19T18:04:18.150Z] [runtime-status] [7276] Running api in signature http {"metadata":{"emulator":{"name":"functions"},"function":{"name":"us-central1-api"},"extension":{},"message":"[runtime-status] [7276] Running api in signature http"}}
[debug] [2022-04-19T18:04:18.156Z] [runtime-status] [7276] Attempting to listen to socketPath: \\?\pipe\C:\Users\karti\github\overreactedamazon\functions\7276 {"metadata":{"emulator":{"name":"functions"},"function":{"name":"us-central1-api"},"extension":{},"message":"[runtime-status] [7276] Attempting to listen to socketPath: \\\\?\\pipe\\C:\\Users\\karti\\github\\overreactedamazon\\functions\\7276"}}
[debug] [2022-04-19T18:04:18.165Z] [functions] Runtime ready! Sending request! {"metadata":{"emulator":{"name":"functions"},"message":"[functions] Runtime ready! Sending request!"}}
[debug] [2022-04-19T18:04:18.166Z] [functions] Got req.url=/my--clone-authentication/us-central1/api/payments/create?total=23900, mapping to path=/payments/create?total=23900 {"metadata":{"emulator":{"name":"functions"},"message":"[functions] Got req.url=/my--clone-authentication/us-central1/api/payments/create?total=23900, mapping to path=/payments/create?total=23900"}}
[debug] [2022-04-19T18:04:18.173Z] [runtime-status] [7276] Ephemeral server handling POST request {"metadata":{"emulator":{"name":"functions"},"function":{"name":"us-central1-api"},"extension":{},"message":"[runtime-status] [7276] Ephemeral server handling POST request"}}
[info] >  Payment Request Recieved BOOM!!! for this amount >>>  23900 {"user":"Payment Request Recieved BOOM!!! for this amount >>>  23900","metadata":{"emulator":{"name":"functions"},"function":{"name":"us-central1-api"},"extension":{},"message":"\u001b[90m> \u001b[39m Payment Request Recieved BOOM!!! for this amount >>>  23900"}}
[debug] [2022-04-19T18:04:18.179Z] [runtime-status] [7276] Ephemeral server survived. {"metadata":{"emulator":{"name":"functions"},"function":{"name":"us-central1-api"},"extension":{},"message":"[runtime-status] [7276] Ephemeral server survived."}}
[info] i  functions: Finished "api" in ~1s {"metadata":{"emulator":{"name":"functions"},"function":{"name":"us-central1-api"},"extension":{},"message":"Finished \"api\" in ~1s"}}
[debug] [2022-04-19T18:04:19.944Z] [worker-us-central1-api-e309fcca-c9ca-4eee-9fe7-d428958406f6]: IDLE {"metadata":{"emulator":{"name":"functions"},"message":"[worker-us-central1-api-e309fcca-c9ca-4eee-9fe7-d428958406f6]: IDLE"}}
[debug] [2022-04-19T18:04:19.945Z] [work-queue] {"queueLength":0,"workRunningCount":0}
[debug] [2022-04-19T18:07:55.108Z] [work-queue] {"queueLength":1,"workRunningCount":0}
[debug] [2022-04-19T18:07:55.109Z] [work-queue] {"queueLength":0,"workRunningCount":1}
[debug] [2022-04-19T18:07:55.110Z] Accepted request POST /my--clone-authentication/us-central1/api/payments/create?total=23900 --> us-central1-api
[debug] [2022-04-19T18:07:55.110Z] [worker-pool] submitWork(triggerId=us-central1-api) {"metadata":{"emulator":{"name":"functions"},"message":"[worker-pool] submitWork(triggerId=us-central1-api)"}}
[debug] [2022-04-19T18:07:55.110Z] [worker-us-central1-api-e309fcca-c9ca-4eee-9fe7-d428958406f6]: Assigning socketPath: \\?\pipe\C:\Users\karti\github\overreactedamazon\functions\7276 {"metadata":{"emulator":{"name":"functions"},"message":"[worker-us-central1-api-e309fcca-c9ca-4eee-9fe7-d428958406f6]: Assigning socketPath: \\\\?\\pipe\\C:\\Users\\karti\\github\\overreactedamazon\\functions\\7276"}}
[debug] [2022-04-19T18:07:55.111Z] [worker-us-central1-api-e309fcca-c9ca-4eee-9fe7-d428958406f6]: BUSY {"metadata":{"emulator":{"name":"functions"},"message":"[worker-us-central1-api-e309fcca-c9ca-4eee-9fe7-d428958406f6]: BUSY"}}
[debug] [2022-04-19T18:07:55.113Z] [runtime-status] [7276] Beginning invocation function api! {"metadata":{"emulator":{"name":"functions"},"function":{"name":"us-central1-api"},"extension":{},"message":"[runtime-status] [7276] Beginning invocation function api!"}}
[info] i  functions: Beginning execution of "api" {"metadata":{"emulator":{"name":"functions"},"function":{"name":"us-central1-api"},"extension":{},"message":"Beginning execution of \"api\""}}
[debug] [2022-04-19T18:07:55.116Z] [runtime-status] [7276] Running api in signature http {"metadata":{"emulator":{"name":"functions"},"function":{"name":"us-central1-api"},"extension":{},"message":"[runtime-status] [7276] Running api in signature http"}}
[debug] [2022-04-19T18:07:55.118Z] [runtime-status] [7276] Attempting to listen to socketPath: \\?\pipe\C:\Users\karti\github\overreactedamazon\functions\7276 {"metadata":{"emulator":{"name":"functions"},"function":{"name":"us-central1-api"},"extension":{},"message":"[runtime-status] [7276] Attempting to listen to socketPath: \\\\?\\pipe\\C:\\Users\\karti\\github\\overreactedamazon\\functions\\7276"}}
[debug] [2022-04-19T18:07:55.127Z] [functions] Runtime ready! Sending request! {"metadata":{"emulator":{"name":"functions"},"message":"[functions] Runtime ready! Sending request!"}}
[debug] [2022-04-19T18:07:55.128Z] [functions] Got req.url=/my--clone-authentication/us-central1/api/payments/create?total=23900, mapping to path=/payments/create?total=23900 {"metadata":{"emulator":{"name":"functions"},"message":"[functions] Got req.url=/my--clone-authentication/us-central1/api/payments/create?total=23900, mapping to path=/payments/create?total=23900"}}
[debug] [2022-04-19T18:07:55.136Z] [runtime-status] [7276] Ephemeral server handling POST request {"metadata":{"emulator":{"name":"functions"},"function":{"name":"us-central1-api"},"extension":{},"message":"[runtime-status] [7276] Ephemeral server handling POST request"}}
[info] >  Payment Request Recieved BOOM!!! for this amount >>>  23900 {"user":"Payment Request Recieved BOOM!!! for this amount >>>  23900","metadata":{"emulator":{"name":"functions"},"function":{"name":"us-central1-api"},"extension":{},"message":"\u001b[90m> \u001b[39m Payment Request Recieved BOOM!!! for this amount >>>  23900"}}
[debug] [2022-04-19T18:07:55.148Z] [runtime-status] [7276] Ephemeral server survived. {"metadata":{"emulator":{"name":"functions"},"function":{"name":"us-central1-api"},"extension":{},"message":"[runtime-status] [7276] Ephemeral server survived."}}
[info] i  functions: Finished "api" in ~1s {"metadata":{"emulator":{"name":"functions"},"function":{"name":"us-central1-api"},"extension":{},"message":"Finished \"api\" in ~1s"}}
[debug] [2022-04-19T18:07:56.406Z] [worker-us-central1-api-e309fcca-c9ca-4eee-9fe7-d428958406f6]: IDLE {"metadata":{"emulator":{"name":"functions"},"message":"[worker-us-central1-api-e309fcca-c9ca-4eee-9fe7-d428958406f6]: IDLE"}}
[debug] [2022-04-19T18:07:56.407Z] [work-queue] {"queueLength":0,"workRunningCount":0}
[debug] [2022-04-19T18:08:01.804Z] [work-queue] {"queueLength":1,"workRunningCount":0}
[debug] [2022-04-19T18:08:01.805Z] [work-queue] {"queueLength":0,"workRunningCount":1}
[debug] [2022-04-19T18:08:01.806Z] Accepted request POST /my--clone-authentication/us-central1/api/payments/create?total=23900 --> us-central1-api
[debug] [2022-04-19T18:08:01.806Z] [worker-pool] submitWork(triggerId=us-central1-api) {"metadata":{"emulator":{"name":"functions"},"message":"[worker-pool] submitWork(triggerId=us-central1-api)"}}
[debug] [2022-04-19T18:08:01.807Z] [worker-us-central1-api-e309fcca-c9ca-4eee-9fe7-d428958406f6]: Assigning socketPath: \\?\pipe\C:\Users\karti\github\overreactedamazon\functions\7276 {"metadata":{"emulator":{"name":"functions"},"message":"[worker-us-central1-api-e309fcca-c9ca-4eee-9fe7-d428958406f6]: Assigning socketPath: \\\\?\\pipe\\C:\\Users\\karti\\github\\overreactedamazon\\functions\\7276"}}
[debug] [2022-04-19T18:08:01.808Z] [worker-us-central1-api-e309fcca-c9ca-4eee-9fe7-d428958406f6]: BUSY {"metadata":{"emulator":{"name":"functions"},"message":"[worker-us-central1-api-e309fcca-c9ca-4eee-9fe7-d428958406f6]: BUSY"}}
[debug] [2022-04-19T18:08:01.846Z] [runtime-status] [7276] Beginning invocation function api! {"metadata":{"emulator":{"name":"functions"},"function":{"name":"us-central1-api"},"extension":{},"message":"[runtime-status] [7276] Beginning invocation function api!"}}
[info] i  functions: Beginning execution of "api" {"metadata":{"emulator":{"name":"functions"},"function":{"name":"us-central1-api"},"extension":{},"message":"Beginning execution of \"api\""}}
[debug] [2022-04-19T18:08:01.848Z] [runtime-status] [7276] Running api in signature http {"metadata":{"emulator":{"name":"functions"},"function":{"name":"us-central1-api"},"extension":{},"message":"[runtime-status] [7276] Running api in signature http"}}
[debug] [2022-04-19T18:08:01.853Z] [runtime-status] [7276] Attempting to listen to socketPath: \\?\pipe\C:\Users\karti\github\overreactedamazon\functions\7276 {"metadata":{"emulator":{"name":"functions"},"function":{"name":"us-central1-api"},"extension":{},"message":"[runtime-status] [7276] Attempting to listen to socketPath: \\\\?\\pipe\\C:\\Users\\karti\\github\\overreactedamazon\\functions\\7276"}}
[debug] [2022-04-19T18:08:01.859Z] [functions] Runtime ready! Sending request! {"metadata":{"emulator":{"name":"functions"},"message":"[functions] Runtime ready! Sending request!"}}
[debug] [2022-04-19T18:08:01.860Z] [functions] Got req.url=/my--clone-authentication/us-central1/api/payments/create?total=23900, mapping to path=/payments/create?total=23900 {"metadata":{"emulator":{"name":"functions"},"message":"[functions] Got req.url=/my--clone-authentication/us-central1/api/payments/create?total=23900, mapping to path=/payments/create?total=23900"}}
[debug] [2022-04-19T18:08:01.864Z] [runtime-status] [7276] Ephemeral server handling POST request {"metadata":{"emulator":{"name":"functions"},"function":{"name":"us-central1-api"},"extension":{},"message":"[runtime-status] [7276] Ephemeral server handling POST request"}}
[info] >  Payment Request Recieved BOOM!!! for this amount >>>  23900 {"user":"Payment Request Recieved BOOM!!! for this amount >>>  23900","metadata":{"emulator":{"name":"functions"},"function":{"name":"us-central1-api"},"extension":{},"message":"\u001b[90m> \u001b[39m Payment Request Recieved BOOM!!! for this amount >>>  23900"}}
[debug] [2022-04-19T18:08:01.869Z] [runtime-status] [7276] Ephemeral server survived. {"metadata":{"emulator":{"name":"functions"},"function":{"name":"us-central1-api"},"extension":{},"message":"[runtime-status] [7276] Ephemeral server survived."}}
[info] i  functions: Finished "api" in ~1s {"metadata":{"emulator":{"name":"functions"},"function":{"name":"us-central1-api"},"extension":{},"message":"Finished \"api\" in ~1s"}}
[debug] [2022-04-19T18:08:02.246Z] [worker-us-central1-api-e309fcca-c9ca-4eee-9fe7-d428958406f6]: IDLE {"metadata":{"emulator":{"name":"functions"},"message":"[worker-us-central1-api-e309fcca-c9ca-4eee-9fe7-d428958406f6]: IDLE"}}
[debug] [2022-04-19T18:08:02.247Z] [work-queue] {"queueLength":0,"workRunningCount":0}
